# JRE version: OpenJDK Runtime Environment Temurin-21.0.12.1+1 (21.0.12.1+1) (build 21.0.12.1+1-LTS)
# Java VM: OpenJDK 64-Bit Server VM Temurin-21.0.12.1+1 (21.0.12.1+1-LTS, mixed mode, sharing, tiered, compressed oops, compressed class ptrs, g1 gc, windows-amd64)
GC Precious Log:
 CardTable entry size: 512
 Card Set container configuration: InlinePtr #cards 5 size 8 Array Of Cards #cards 12 size 40 Howl #buckets 4 coarsen threshold 1843 Howl Bitmap #cards 512 size 80 coarsen threshold 460 Card regions per heap region 1 cards per card region 2048
 CPUs: 4 total, 4 available
 Memory: 6023M
 Large Page Support: Disabled
 NUMA Support: Disabled
 Compressed Oops: Enabled (32-bit)
 Heap Region Size: 1M
 Heap Min Capacity: 8M
 Heap Initial Capacity: 96M
 Heap Max Capacity: 2G
 Pre-touch: Disabled
 Parallel Workers: 4
 Concurrent Workers: 1
 Concurrent Refinement Workers: 4
 Periodic GC: Disabled
Heap:
 garbage-first heap   total 148480K, used 87041K [0x0000000080000000, 0x0000000100000000)
  region size 1024K, 6 young (6144K), 3 survivors (3072K)
 Metaspace       used 90053K, committed 92288K, reserved 1179648K
  class space    used 12693K, committed 13824K, reserved 1048576K
GC Heap History (20 events):
Event: 64.053 GC heap before
{Heap before GC invocations=29 (full 0):
 garbage-first heap   total 116736K, used 100951K [0x0000000080000000, 0x0000000100000000)
  region size 1024K, 28 young (28672K), 2 survivors (2048K)
 Metaspace       used 69947K, committed 72000K, reserved 1114112K
  class space    used 10000K, committed 11008K, reserved 1048576K
}
Event: 64.061 GC heap after
{Heap after GC invocations=30 (full 0):
 garbage-first heap   total 116736K, used 71670K [0x0000000080000000, 0x0000000100000000)
  region size 1024K, 4 young (4096K), 4 survivors (4096K)
 Metaspace       used 69947K, committed 72000K, reserved 1114112K
  class space    used 10000K, committed 11008K, reserved 1048576K
}
Event: 75.708 GC heap before
{Heap before GC invocations=30 (full 0):
 garbage-first heap   total 116736K, used 100342K [0x0000000080000000, 0x0000000100000000)
  region size 1024K, 32 young (32768K), 4 survivors (4096K)
 Metaspace       used 71897K, committed 73920K, reserved 1114112K
  class space    used 10247K, committed 11264K, reserved 1048576K
}
Event: 75.722 GC heap after
{Heap after GC invocations=31 (full 0):
 garbage-first heap   total 116736K, used 72666K [0x0000000080000000, 0x0000000100000000)
  region size 1024K, 2 young (2048K), 2 survivors (2048K)
 Metaspace       used 71897K, committed 73920K, reserved 1114112K
  class space    used 10247K, committed 11264K, reserved 1048576K
}
Event: 112.971 GC heap before
{Heap before GC invocations=31 (full 0):
 garbage-first heap   total 116736K, used 101338K [0x0000000080000000, 0x0000000100000000)
  region size 1024K, 30 young (30720K), 2 survivors (2048K)
 Metaspace       used 73605K, committed 75712K, reserved 1114112K
  class space    used 10459K, committed 11520K, reserved 1048576K
}
Event: 113.000 GC heap after
{Heap after GC invocations=32 (full 0):
 garbage-first heap   total 116736K, used 74989K [0x0000000080000000, 0x0000000100000000)
  region size 1024K, 4 young (4096K), 4 survivors (4096K)
 Metaspace       used 73605K, committed 75712K, reserved 1114112K
  class space    used 10459K, committed 11520K, reserved 1048576K
}
Event: 116.921 GC heap before
{Heap before GC invocations=33 (full 0):
 garbage-first heap   total 126976K, used 102637K [0x0000000080000000, 0x0000000100000000)
  region size 1024K, 32 young (32768K), 4 survivors (4096K)
 Metaspace       used 75389K, committed 77504K, reserved 1179648K
  class space    used 10679K, committed 11712K, reserved 1048576K
}
Event: 116.941 GC heap after
{Heap after GC invocations=34 (full 0):
 garbage-first heap   total 126976K, used 75380K [0x0000000080000000, 0x0000000100000000)
  region size 1024K, 2 young (2048K), 2 survivors (2048K)
 Metaspace       used 75389K, committed 77504K, reserved 1179648K
  class space    used 10679K, committed 11712K, reserved 1048576K
}
Event: 125.187 GC heap before
{Heap before GC invocations=34 (full 0):
 garbage-first heap   total 126976K, used 110196K [0x0000000080000000, 0x0000000100000000)
  region size 1024K, 36 young (36864K), 2 survivors (2048K)
 Metaspace       used 77814K, committed 79936K, reserved 1179648K
  class space    used 11074K, committed 12160K, reserved 1048576K
}
Event: 125.196 GC heap after
{Heap after GC invocations=35 (full 0):
 garbage-first heap   total 126976K, used 74678K [0x0000000080000000, 0x0000000100000000)
  region size 1024K, 3 young (3072K), 3 survivors (3072K)
 Metaspace       used 77814K, committed 79936K, reserved 1179648K
  class space    used 11074K, committed 12160K, reserved 1048576K
}
Event: 135.692 GC heap before
{Heap before GC invocations=35 (full 0):
 garbage-first heap   total 126976K, used 111542K [0x0000000080000000, 0x0000000100000000)
  region size 1024K, 39 young (39936K), 3 survivors (3072K)
 Metaspace       used 80285K, committed 82432K, reserved 1179648K
  class space    used 11483K, committed 12544K, reserved 1048576K
}
Event: 135.701 GC heap after
{Heap after GC invocations=36 (full 0):
 garbage-first heap   total 126976K, used 75891K [0x0000000080000000, 0x0000000100000000)
  region size 1024K, 4 young (4096K), 4 survivors (4096K)
 Metaspace       used 80285K, committed 82432K, reserved 1179648K
  class space    used 11483K, committed 12544K, reserved 1048576K
}
Event: 144.852 GC heap before
{Heap before GC invocations=37 (full 0):
 garbage-first heap   total 128000K, used 113779K [0x0000000080000000, 0x0000000100000000)
  region size 1024K, 41 young (41984K), 4 survivors (4096K)
 Metaspace       used 82917K, committed 85056K, reserved 1179648K
  class space    used 11940K, committed 12992K, reserved 1048576K
}
Event: 144.872 GC heap after
{Heap after GC invocations=38 (full 0):
 garbage-first heap   total 128000K, used 77801K [0x0000000080000000, 0x0000000100000000)
  region size 1024K, 5 young (5120K), 5 survivors (5120K)
 Metaspace       used 82917K, committed 85056K, reserved 1179648K
  class space    used 11940K, committed 12992K, reserved 1048576K
}
Event: 151.887 GC heap before
{Heap before GC invocations=38 (full 0):
 garbage-first heap   total 128000K, used 120809K [0x0000000080000000, 0x0000000100000000)
  region size 1024K, 43 young (44032K), 5 survivors (5120K)
 Metaspace       used 86279K, committed 88512K, reserved 1179648K
  class space    used 12277K, committed 13376K, reserved 1048576K
}
Event: 151.916 GC heap after
{Heap after GC invocations=39 (full 0):
 garbage-first heap   total 132096K, used 80194K [0x0000000080000000, 0x0000000100000000)
  region size 1024K, 6 young (6144K), 6 survivors (6144K)
 Metaspace       used 86279K, committed 88512K, reserved 1179648K
  class space    used 12277K, committed 13376K, reserved 1048576K
}
Event: 156.498 GC heap before
{Heap before GC invocations=39 (full 0):
 garbage-first heap   total 132096K, used 91458K [0x0000000080000000, 0x0000000100000000)
  region size 1024K, 19 young (19456K), 6 survivors (6144K)
 Metaspace       used 86980K, committed 89216K, reserved 1179648K
  class space    used 12338K, committed 13440K, reserved 1048576K
}
Event: 156.513 GC heap after
{Heap after GC invocations=40 (full 0):
 garbage-first heap   total 132096K, used 83152K [0x0000000080000000, 0x0000000100000000)
  region size 1024K, 6 young (6144K), 6 survivors (6144K)
 Metaspace       used 86980K, committed 89216K, reserved 1179648K
  class space    used 12338K, committed 13440K, reserved 1048576K
}
Event: 165.097 GC heap before
{Heap before GC invocations=41 (full 0):
 garbage-first heap   total 148480K, used 124112K [0x0000000080000000, 0x0000000100000000)
  region size 1024K, 41 young (41984K), 6 survivors (6144K)
 Metaspace       used 89968K, committed 92160K, reserved 1179648K
  class space    used 12679K, committed 13760K, reserved 1048576K
}
Event: 165.228 GC heap after
{Heap after GC invocations=42 (full 0):
 garbage-first heap   total 148480K, used 84993K [0x0000000080000000, 0x0000000100000000)
  region size 1024K, 3 young (3072K), 3 survivors (3072K)
 Metaspace       used 89968K, committed 92160K, reserved 1179648K
  class space    used 12679K, committed 13760K, reserved 1048576K
}

